<!DOCTYPE html PUBLIC "-//W3C//DTD XHTML 1.1//EN" "http://www.w3.org/TR/xhtml11/DTD/xhtml11.dtd">
<html xmlns="http://www.w3.org/1999/xhtml">
<head>
<meta http-equiv="content-type" content="text/html; charset=UTF-8"/>
<title>TestNG Report</title>
<style type="text/css">table {margin-bottom:10px;border-collapse:collapse;empty-cells:show}th,td {border:1px solid #009;padding:.25em .5em}th {vertical-align:bottom}td {vertical-align:top}table a {font-weight:bold}.stripe td {background-color: #E6EBF9}.num {text-align:right}.passedodd td {background-color: #3F3}.passedeven td {background-color: #0A0}.skippedodd td {background-color: #DDD}.skippedeven td {background-color: #CCC}.failedodd td,.attn {background-color: #F33}.failedeven td,.stripe .attn {background-color: #D00}.stacktrace {white-space:pre;font-family:monospace}.totop {font-size:85%;text-align:center;border-bottom:2px solid #000}.invisible {display:none}</style>
</head>
<body>
<table>
<tr><th>Test</th><th># Passed</th><th># Skipped</th><th># Failed</th><th>Time (ms)</th><th>Included Groups</th><th>Excluded Groups</th></tr>
<tr><th colspan="7">Default suite</th></tr>
<tr><td><a href="#t0">Default test</a></td><td class="num">0</td><td class="num attn">1</td><td class="num">0</td><td class="num">49,854</td><td></td><td></td></tr>
</table>
<table id='summary'><thead><tr><th>Class</th><th>Method</th><th>Start</th><th>Time (ms)</th></tr></thead><tbody><tr><th colspan="4">Default suite</th></tr></tbody><tbody id="t0"><tr><th colspan="4">Default test &#8212; failed (configuration methods)</th></tr><tr class="failedeven"><td rowspan="2">TestNG11.CreateUser</td><td><a href="#m0">setUp</a></td><td rowspan="1">1524811681352</td><td rowspan="1">49589</td></tr><tr class="failedeven"><td><a href="#m1">tearDown</a></td><td rowspan="1">1524811731160</td><td rowspan="1">0</td></tr><tr><th colspan="4">Default test &#8212; skipped</th></tr><tr class="skippedeven"><td rowspan="1">TestNG11.CreateUser</td><td><a href="#m2">testCreateuser</a></td><td rowspan="1">1524811731097</td><td rowspan="1">0</td></tr></tbody>
</table>
<h2>Default test</h2><h3 id="m0">TestNG11.CreateUser#setUp</h3><table class="result"><tr><th>Exception</th></tr><tr><td><div class="stacktrace">org.openqa.selenium.WebDriverException: Failed to connect to binary FirefoxBinary(C:\Program Files\Mozilla Firefox\firefox.exe) on port 7055; process output follows: 
dUpdates&quot;:1,&quot;skinnable&quot;:true,&quot;size&quot;:21152,&quot;sourceURI&quot;:null,&quot;releaseNotesURI&quot;:null,&quot;softDisabled&quot;:false,&quot;foreignInstall&quot;:false,&quot;hasBinaryComponents&quot;:false,&quot;strictCompatibility&quot;:true,&quot;locales&quot;:[],&quot;targetApplications&quot;:[{&quot;id&quot;:&quot;{ec8030f7-c20a-464f-9b0e-13a3a9e97384}&quot;,&quot;minVersion&quot;:&quot;50.0.1&quot;,&quot;maxVersion&quot;:&quot;50.0.1&quot;}],&quot;targetPlatforms&quot;:[],&quot;seen&quot;:true}
1524811686375	addons.xpi	DEBUG	getModTime: Recursive scan of {972ce4c6-7e08-4474-a285-3208198ce6fd}
1524811686378	DeferredSave.extensions.json	DEBUG	Save changes
1524811686379	addons.xpi	DEBUG	Updating database with changes to installed add-ons
1524811686379	addons.xpi-utils	DEBUG	Updating add-on states
1524811686381	addons.xpi-utils	DEBUG	Writing add-ons list
1524811686388	addons.xpi	DEBUG	Registering manifest for C:\Program Files\Mozilla Firefox\browser\features\aushelper@mozilla.org.xpi
1524811686390	addons.xpi	DEBUG	Calling bootstrap method startup on aushelper@mozilla.org version 1.0
1524811686393	addons.xpi	DEBUG	Registering manifest for C:\Program Files\Mozilla Firefox\browser\features\e10srollout@mozilla.org.xpi
1524811686395	addons.xpi	DEBUG	Calling bootstrap method startup on e10srollout@mozilla.org version 1.5
1524811686396	addons.xpi	DEBUG	Registering manifest for C:\Program Files\Mozilla Firefox\browser\features\firefox@getpocket.com.xpi
1524811686399	addons.xpi	DEBUG	Calling bootstrap method startup on firefox@getpocket.com version 1.0.5
1524811686402	addons.xpi	DEBUG	Registering manifest for C:\Program Files\Mozilla Firefox\browser\features\webcompat@mozilla.org.xpi
1524811686403	addons.xpi	DEBUG	Calling bootstrap method startup on webcompat@mozilla.org version 1.0
1524811686409	addons.manager	DEBUG	Registering shutdown blocker for XPIProvider
1524811686413	addons.manager	DEBUG	Provider finished startup: XPIProvider
1524811686415	addons.manager	DEBUG	Starting provider: LightweightThemeManager
1524811686416	addons.manager	DEBUG	Registering shutdown blocker for LightweightThemeManager
1524811686417	addons.manager	DEBUG	Provider finished startup: LightweightThemeManager
1524811686419	addons.manager	DEBUG	Starting provider: GMPProvider
1524811686444	addons.manager	DEBUG	Registering shutdown blocker for GMPProvider
1524811686445	addons.manager	DEBUG	Provider finished startup: GMPProvider
1524811686446	addons.manager	DEBUG	Starting provider: PluginProvider
1524811686450	addons.manager	DEBUG	Registering shutdown blocker for PluginProvider
1524811686451	addons.manager	DEBUG	Provider finished startup: PluginProvider
1524811686453	addons.manager	DEBUG	Completed startup sequence
[GFX1]: Potential driver version mismatch ignored due to missing DLLs 0.0.0.0 and 0.0.0.0
1524811688369	addons.manager	DEBUG	Starting provider: &lt;unnamed-provider&gt;
1524811688369	addons.manager	DEBUG	Registering shutdown blocker for &lt;unnamed-provider&gt;
1524811688371	addons.manager	DEBUG	Provider finished startup: &lt;unnamed-provider&gt;
1524811689233	DeferredSave.extensions.json	DEBUG	Write succeeded
1524811689234	addons.xpi-utils	DEBUG	XPI Database saved, setting schema version preference to 17
1524811689235	DeferredSave.extensions.json	DEBUG	Starting timer
1524811689265	DeferredSave.extensions.json	DEBUG	Starting write
1524811689312	addons.repository	DEBUG	No addons.json found.
1524811689313	DeferredSave.addons.json	DEBUG	Save changes
1524811689322	DeferredSave.addons.json	DEBUG	Starting timer
1524811689437	addons.manager	DEBUG	Starting provider: PreviousExperimentProvider
1524811689437	addons.manager	DEBUG	Registering shutdown blocker for PreviousExperimentProvider
1524811689439	addons.manager	DEBUG	Provider finished startup: PreviousExperimentProvider
1524811689455	DeferredSave.addons.json	DEBUG	Starting write
1524811689485	DeferredSave.extensions.json	DEBUG	Write succeeded
1524811689903	DeferredSave.addons.json	DEBUG	Write succeeded
Crash Annotation GraphicsCriticalError: |[C0][GFX1]: Potential driver version mismatch ignored due to missing DLLs 0.0.0.0 and 0.0.0.0 (t=24.1812) [GFX1]: Potential driver version mismatch ignored due to missing DLLs 0.0.0.0 and 0.0.0.0

Build info: version: &apos;2.53.0&apos;, revision: &apos;35ae25b&apos;, time: &apos;2016-03-15 17:00:58&apos;
System info: host: &apos;USER-PC&apos;, ip: &apos;192.168.1.2&apos;, os.name: &apos;Windows 7&apos;, os.arch: &apos;x86&apos;, os.version: &apos;6.1&apos;, java.version: &apos;1.8.0_121&apos;
Driver info: driver.version: FirefoxDriver
	at org.openqa.selenium.firefox.internal.NewProfileExtensionConnection.start(NewProfileExtensionConnection.java:124)
	at org.openqa.selenium.firefox.FirefoxDriver.startClient(FirefoxDriver.java:271)
	at org.openqa.selenium.remote.RemoteWebDriver.&lt;init&gt;(RemoteWebDriver.java:119)
	at org.openqa.selenium.firefox.FirefoxDriver.&lt;init&gt;(FirefoxDriver.java:218)
	at org.openqa.selenium.firefox.FirefoxDriver.&lt;init&gt;(FirefoxDriver.java:211)
	at org.openqa.selenium.firefox.FirefoxDriver.&lt;init&gt;(FirefoxDriver.java:207)
	at org.openqa.selenium.firefox.FirefoxDriver.&lt;init&gt;(FirefoxDriver.java:120)
	at TestNG11.CreateUser.setUp(CreateUser.java:21)
	at sun.reflect.NativeMethodAccessorImpl.invoke0(Native Method)
	at sun.reflect.NativeMethodAccessorImpl.invoke(NativeMethodAccessorImpl.java:62)
	at sun.reflect.DelegatingMethodAccessorImpl.invoke(DelegatingMethodAccessorImpl.java:43)
	at java.lang.reflect.Method.invoke(Method.java:498)
	at org.testng.internal.MethodInvocationHelper.invokeMethod(MethodInvocationHelper.java:124)
	at org.testng.internal.MethodInvocationHelper.invokeMethodConsideringTimeout(MethodInvocationHelper.java:59)
	at org.testng.internal.Invoker.invokeConfigurationMethod(Invoker.java:455)
	at org.testng.internal.Invoker.invokeConfigurations(Invoker.java:222)
	at org.testng.internal.Invoker.invokeConfigurations(Invoker.java:142)
	at org.testng.internal.TestMethodWorker.invokeBeforeClassMethods(TestMethodWorker.java:168)
	at org.testng.internal.TestMethodWorker.run(TestMethodWorker.java:105)
	at org.testng.TestRunner.privateRun(TestRunner.java:648)
	at org.testng.TestRunner.run(TestRunner.java:505)
	at org.testng.SuiteRunner.runTest(SuiteRunner.java:455)
	at org.testng.SuiteRunner.runSequentially(SuiteRunner.java:450)
	at org.testng.SuiteRunner.privateRun(SuiteRunner.java:415)
	at org.testng.SuiteRunner.run(SuiteRunner.java:364)
	at org.testng.SuiteRunnerWorker.runSuite(SuiteRunnerWorker.java:52)
	at org.testng.SuiteRunnerWorker.run(SuiteRunnerWorker.java:84)
	at org.testng.TestNG.runSuitesSequentially(TestNG.java:1208)
	at org.testng.TestNG.runSuitesLocally(TestNG.java:1137)
	at org.testng.TestNG.runSuites(TestNG.java:1049)
	at org.testng.TestNG.run(TestNG.java:1017)
	at org.testng.remote.AbstractRemoteTestNG.run(AbstractRemoteTestNG.java:114)
	at org.testng.remote.RemoteTestNG.initAndRun(RemoteTestNG.java:251)
	at org.testng.remote.RemoteTestNG.main(RemoteTestNG.java:77)
Caused by: org.openqa.selenium.firefox.NotConnectedException: Unable to connect to host 127.0.0.1 on port 7055 after 45000 ms. Firefox console output:
dUpdates&quot;:1,&quot;skinnable&quot;:true,&quot;size&quot;:21152,&quot;sourceURI&quot;:null,&quot;releaseNotesURI&quot;:null,&quot;softDisabled&quot;:false,&quot;foreignInstall&quot;:false,&quot;hasBinaryComponents&quot;:false,&quot;strictCompatibility&quot;:true,&quot;locales&quot;:[],&quot;targetApplications&quot;:[{&quot;id&quot;:&quot;{ec8030f7-c20a-464f-9b0e-13a3a9e97384}&quot;,&quot;minVersion&quot;:&quot;50.0.1&quot;,&quot;maxVersion&quot;:&quot;50.0.1&quot;}],&quot;targetPlatforms&quot;:[],&quot;seen&quot;:true}
1524811686375	addons.xpi	DEBUG	getModTime: Recursive scan of {972ce4c6-7e08-4474-a285-3208198ce6fd}
1524811686378	DeferredSave.extensions.json	DEBUG	Save changes
1524811686379	addons.xpi	DEBUG	Updating database with changes to installed add-ons
1524811686379	addons.xpi-utils	DEBUG	Updating add-on states
1524811686381	addons.xpi-utils	DEBUG	Writing add-ons list
1524811686388	addons.xpi	DEBUG	Registering manifest for C:\Program Files\Mozilla Firefox\browser\features\aushelper@mozilla.org.xpi
1524811686390	addons.xpi	DEBUG	Calling bootstrap method startup on aushelper@mozilla.org version 1.0
1524811686393	addons.xpi	DEBUG	Registering manifest for C:\Program Files\Mozilla Firefox\browser\features\e10srollout@mozilla.org.xpi
1524811686395	addons.xpi	DEBUG	Calling bootstrap method startup on e10srollout@mozilla.org version 1.5
1524811686396	addons.xpi	DEBUG	Registering manifest for C:\Program Files\Mozilla Firefox\browser\features\firefox@getpocket.com.xpi
1524811686399	addons.xpi	DEBUG	Calling bootstrap method startup on firefox@getpocket.com version 1.0.5
1524811686402	addons.xpi	DEBUG	Registering manifest for C:\Program Files\Mozilla Firefox\browser\features\webcompat@mozilla.org.xpi
1524811686403	addons.xpi	DEBUG	Calling bootstrap method startup on webcompat@mozilla.org version 1.0
1524811686409	addons.manager	DEBUG	Registering shutdown blocker for XPIProvider
1524811686413	addons.manager	DEBUG	Provider finished startup: XPIProvider
1524811686415	addons.manager	DEBUG	Starting provider: LightweightThemeManager
1524811686416	addons.manager	DEBUG	Registering shutdown blocker for LightweightThemeManager
1524811686417	addons.manager	DEBUG	Provider finished startup: LightweightThemeManager
1524811686419	addons.manager	DEBUG	Starting provider: GMPProvider
1524811686444	addons.manager	DEBUG	Registering shutdown blocker for GMPProvider
1524811686445	addons.manager	DEBUG	Provider finished startup: GMPProvider
1524811686446	addons.manager	DEBUG	Starting provider: PluginProvider
1524811686450	addons.manager	DEBUG	Registering shutdown blocker for PluginProvider
1524811686451	addons.manager	DEBUG	Provider finished startup: PluginProvider
1524811686453	addons.manager	DEBUG	Completed startup sequence
[GFX1]: Potential driver version mismatch ignored due to missing DLLs 0.0.0.0 and 0.0.0.0
1524811688369	addons.manager	DEBUG	Starting provider: &lt;unnamed-provider&gt;
1524811688369	addons.manager	DEBUG	Registering shutdown blocker for &lt;unnamed-provider&gt;
1524811688371	addons.manager	DEBUG	Provider finished startup: &lt;unnamed-provider&gt;
1524811689233	DeferredSave.extensions.json	DEBUG	Write succeeded
1524811689234	addons.xpi-utils	DEBUG	XPI Database saved, setting schema version preference to 17
1524811689235	DeferredSave.extensions.json	DEBUG	Starting timer
1524811689265	DeferredSave.extensions.json	DEBUG	Starting write
1524811689312	addons.repository	DEBUG	No addons.json found.
1524811689313	DeferredSave.addons.json	DEBUG	Save changes
1524811689322	DeferredSave.addons.json	DEBUG	Starting timer
1524811689437	addons.manager	DEBUG	Starting provider: PreviousExperimentProvider
1524811689437	addons.manager	DEBUG	Registering shutdown blocker for PreviousExperimentProvider
1524811689439	addons.manager	DEBUG	Provider finished startup: PreviousExperimentProvider
1524811689455	DeferredSave.addons.json	DEBUG	Starting write
1524811689485	DeferredSave.extensions.json	DEBUG	Write succeeded
1524811689903	DeferredSave.addons.json	DEBUG	Write succeeded
Crash Annotation GraphicsCriticalError: |[C0][GFX1]: Potential driver version mismatch ignored due to missing DLLs 0.0.0.0 and 0.0.0.0 (t=24.1812) [GFX1]: Potential driver version mismatch ignored due to missing DLLs 0.0.0.0 and 0.0.0.0

	at org.openqa.selenium.firefox.internal.NewProfileExtensionConnection.start(NewProfileExtensionConnection.java:112)
	... 33 more
</div></td></tr></table><p class="totop"><a href="#summary">back to summary</a></p>
<h3 id="m1">TestNG11.CreateUser#tearDown</h3><table class="result"><tr><th>Exception</th></tr><tr><td><div class="stacktrace">java.lang.NullPointerException
	at TestNG11.CreateUser.tearDown(CreateUser.java:44)
	at sun.reflect.NativeMethodAccessorImpl.invoke0(Native Method)
	at sun.reflect.NativeMethodAccessorImpl.invoke(NativeMethodAccessorImpl.java:62)
	at sun.reflect.DelegatingMethodAccessorImpl.invoke(DelegatingMethodAccessorImpl.java:43)
	at java.lang.reflect.Method.invoke(Method.java:498)
	at org.testng.internal.MethodInvocationHelper.invokeMethod(MethodInvocationHelper.java:124)
	at org.testng.internal.MethodInvocationHelper.invokeMethodConsideringTimeout(MethodInvocationHelper.java:59)
	at org.testng.internal.Invoker.invokeConfigurationMethod(Invoker.java:455)
	at org.testng.internal.Invoker.invokeConfigurations(Invoker.java:222)
	at org.testng.internal.Invoker.invokeConfigurations(Invoker.java:142)
	at org.testng.internal.TestMethodWorker.invokeAfterClassMethods(TestMethodWorker.java:214)
	at org.testng.internal.TestMethodWorker.run(TestMethodWorker.java:111)
	at org.testng.TestRunner.privateRun(TestRunner.java:648)
	at org.testng.TestRunner.run(TestRunner.java:505)
	at org.testng.SuiteRunner.runTest(SuiteRunner.java:455)
	at org.testng.SuiteRunner.runSequentially(SuiteRunner.java:450)
	at org.testng.SuiteRunner.privateRun(SuiteRunner.java:415)
	at org.testng.SuiteRunner.run(SuiteRunner.java:364)
	at org.testng.SuiteRunnerWorker.runSuite(SuiteRunnerWorker.java:52)
	at org.testng.SuiteRunnerWorker.run(SuiteRunnerWorker.java:84)
	at org.testng.TestNG.runSuitesSequentially(TestNG.java:1208)
	at org.testng.TestNG.runSuitesLocally(TestNG.java:1137)
	at org.testng.TestNG.runSuites(TestNG.java:1049)
	at org.testng.TestNG.run(TestNG.java:1017)
	at org.testng.remote.AbstractRemoteTestNG.run(AbstractRemoteTestNG.java:114)
	at org.testng.remote.RemoteTestNG.initAndRun(RemoteTestNG.java:251)
	at org.testng.remote.RemoteTestNG.main(RemoteTestNG.java:77)
</div></td></tr></table><p class="totop"><a href="#summary">back to summary</a></p>
<h3 id="m2">TestNG11.CreateUser#testCreateuser</h3><table class="result"><tr><th>Exception</th></tr><tr><td><div class="stacktrace">org.openqa.selenium.WebDriverException: Failed to connect to binary FirefoxBinary(C:\Program Files\Mozilla Firefox\firefox.exe) on port 7055; process output follows: 
dUpdates&quot;:1,&quot;skinnable&quot;:true,&quot;size&quot;:21152,&quot;sourceURI&quot;:null,&quot;releaseNotesURI&quot;:null,&quot;softDisabled&quot;:false,&quot;foreignInstall&quot;:false,&quot;hasBinaryComponents&quot;:false,&quot;strictCompatibility&quot;:true,&quot;locales&quot;:[],&quot;targetApplications&quot;:[{&quot;id&quot;:&quot;{ec8030f7-c20a-464f-9b0e-13a3a9e97384}&quot;,&quot;minVersion&quot;:&quot;50.0.1&quot;,&quot;maxVersion&quot;:&quot;50.0.1&quot;}],&quot;targetPlatforms&quot;:[],&quot;seen&quot;:true}
1524811686375	addons.xpi	DEBUG	getModTime: Recursive scan of {972ce4c6-7e08-4474-a285-3208198ce6fd}
1524811686378	DeferredSave.extensions.json	DEBUG	Save changes
1524811686379	addons.xpi	DEBUG	Updating database with changes to installed add-ons
1524811686379	addons.xpi-utils	DEBUG	Updating add-on states
1524811686381	addons.xpi-utils	DEBUG	Writing add-ons list
1524811686388	addons.xpi	DEBUG	Registering manifest for C:\Program Files\Mozilla Firefox\browser\features\aushelper@mozilla.org.xpi
1524811686390	addons.xpi	DEBUG	Calling bootstrap method startup on aushelper@mozilla.org version 1.0
1524811686393	addons.xpi	DEBUG	Registering manifest for C:\Program Files\Mozilla Firefox\browser\features\e10srollout@mozilla.org.xpi
1524811686395	addons.xpi	DEBUG	Calling bootstrap method startup on e10srollout@mozilla.org version 1.5
1524811686396	addons.xpi	DEBUG	Registering manifest for C:\Program Files\Mozilla Firefox\browser\features\firefox@getpocket.com.xpi
1524811686399	addons.xpi	DEBUG	Calling bootstrap method startup on firefox@getpocket.com version 1.0.5
1524811686402	addons.xpi	DEBUG	Registering manifest for C:\Program Files\Mozilla Firefox\browser\features\webcompat@mozilla.org.xpi
1524811686403	addons.xpi	DEBUG	Calling bootstrap method startup on webcompat@mozilla.org version 1.0
1524811686409	addons.manager	DEBUG	Registering shutdown blocker for XPIProvider
1524811686413	addons.manager	DEBUG	Provider finished startup: XPIProvider
1524811686415	addons.manager	DEBUG	Starting provider: LightweightThemeManager
1524811686416	addons.manager	DEBUG	Registering shutdown blocker for LightweightThemeManager
1524811686417	addons.manager	DEBUG	Provider finished startup: LightweightThemeManager
1524811686419	addons.manager	DEBUG	Starting provider: GMPProvider
1524811686444	addons.manager	DEBUG	Registering shutdown blocker for GMPProvider
1524811686445	addons.manager	DEBUG	Provider finished startup: GMPProvider
1524811686446	addons.manager	DEBUG	Starting provider: PluginProvider
1524811686450	addons.manager	DEBUG	Registering shutdown blocker for PluginProvider
1524811686451	addons.manager	DEBUG	Provider finished startup: PluginProvider
1524811686453	addons.manager	DEBUG	Completed startup sequence
[GFX1]: Potential driver version mismatch ignored due to missing DLLs 0.0.0.0 and 0.0.0.0
1524811688369	addons.manager	DEBUG	Starting provider: &lt;unnamed-provider&gt;
1524811688369	addons.manager	DEBUG	Registering shutdown blocker for &lt;unnamed-provider&gt;
1524811688371	addons.manager	DEBUG	Provider finished startup: &lt;unnamed-provider&gt;
1524811689233	DeferredSave.extensions.json	DEBUG	Write succeeded
1524811689234	addons.xpi-utils	DEBUG	XPI Database saved, setting schema version preference to 17
1524811689235	DeferredSave.extensions.json	DEBUG	Starting timer
1524811689265	DeferredSave.extensions.json	DEBUG	Starting write
1524811689312	addons.repository	DEBUG	No addons.json found.
1524811689313	DeferredSave.addons.json	DEBUG	Save changes
1524811689322	DeferredSave.addons.json	DEBUG	Starting timer
1524811689437	addons.manager	DEBUG	Starting provider: PreviousExperimentProvider
1524811689437	addons.manager	DEBUG	Registering shutdown blocker for PreviousExperimentProvider
1524811689439	addons.manager	DEBUG	Provider finished startup: PreviousExperimentProvider
1524811689455	DeferredSave.addons.json	DEBUG	Starting write
1524811689485	DeferredSave.extensions.json	DEBUG	Write succeeded
1524811689903	DeferredSave.addons.json	DEBUG	Write succeeded
Crash Annotation GraphicsCriticalError: |[C0][GFX1]: Potential driver version mismatch ignored due to missing DLLs 0.0.0.0 and 0.0.0.0 (t=24.1812) [GFX1]: Potential driver version mismatch ignored due to missing DLLs 0.0.0.0 and 0.0.0.0

Build info: version: &apos;2.53.0&apos;, revision: &apos;35ae25b&apos;, time: &apos;2016-03-15 17:00:58&apos;
System info: host: &apos;USER-PC&apos;, ip: &apos;192.168.1.2&apos;, os.name: &apos;Windows 7&apos;, os.arch: &apos;x86&apos;, os.version: &apos;6.1&apos;, java.version: &apos;1.8.0_121&apos;
Driver info: driver.version: FirefoxDriver
	at org.openqa.selenium.firefox.internal.NewProfileExtensionConnection.start(NewProfileExtensionConnection.java:124)
	at org.openqa.selenium.firefox.FirefoxDriver.startClient(FirefoxDriver.java:271)
	at org.openqa.selenium.remote.RemoteWebDriver.&lt;init&gt;(RemoteWebDriver.java:119)
	at org.openqa.selenium.firefox.FirefoxDriver.&lt;init&gt;(FirefoxDriver.java:218)
	at org.openqa.selenium.firefox.FirefoxDriver.&lt;init&gt;(FirefoxDriver.java:211)
	at org.openqa.selenium.firefox.FirefoxDriver.&lt;init&gt;(FirefoxDriver.java:207)
	at org.openqa.selenium.firefox.FirefoxDriver.&lt;init&gt;(FirefoxDriver.java:120)
	at TestNG11.CreateUser.setUp(CreateUser.java:21)
	at sun.reflect.NativeMethodAccessorImpl.invoke0(Native Method)
	at sun.reflect.NativeMethodAccessorImpl.invoke(NativeMethodAccessorImpl.java:62)
	at sun.reflect.DelegatingMethodAccessorImpl.invoke(DelegatingMethodAccessorImpl.java:43)
	at java.lang.reflect.Method.invoke(Method.java:498)
	at org.testng.internal.MethodInvocationHelper.invokeMethod(MethodInvocationHelper.java:124)
	at org.testng.internal.MethodInvocationHelper.invokeMethodConsideringTimeout(MethodInvocationHelper.java:59)
	at org.testng.internal.Invoker.invokeConfigurationMethod(Invoker.java:455)
	at org.testng.internal.Invoker.invokeConfigurations(Invoker.java:222)
	at org.testng.internal.Invoker.invokeConfigurations(Invoker.java:142)
	at org.testng.internal.TestMethodWorker.invokeBeforeClassMethods(TestMethodWorker.java:168)
	at org.testng.internal.TestMethodWorker.run(TestMethodWorker.java:105)
	at org.testng.TestRunner.privateRun(TestRunner.java:648)
	at org.testng.TestRunner.run(TestRunner.java:505)
	at org.testng.SuiteRunner.runTest(SuiteRunner.java:455)
	at org.testng.SuiteRunner.runSequentially(SuiteRunner.java:450)
	at org.testng.SuiteRunner.privateRun(SuiteRunner.java:415)
	at org.testng.SuiteRunner.run(SuiteRunner.java:364)
	at org.testng.SuiteRunnerWorker.runSuite(SuiteRunnerWorker.java:52)
	at org.testng.SuiteRunnerWorker.run(SuiteRunnerWorker.java:84)
	at org.testng.TestNG.runSuitesSequentially(TestNG.java:1208)
	at org.testng.TestNG.runSuitesLocally(TestNG.java:1137)
	at org.testng.TestNG.runSuites(TestNG.java:1049)
	at org.testng.TestNG.run(TestNG.java:1017)
	at org.testng.remote.AbstractRemoteTestNG.run(AbstractRemoteTestNG.java:114)
	at org.testng.remote.RemoteTestNG.initAndRun(RemoteTestNG.java:251)
	at org.testng.remote.RemoteTestNG.main(RemoteTestNG.java:77)
Caused by: org.openqa.selenium.firefox.NotConnectedException: Unable to connect to host 127.0.0.1 on port 7055 after 45000 ms. Firefox console output:
dUpdates&quot;:1,&quot;skinnable&quot;:true,&quot;size&quot;:21152,&quot;sourceURI&quot;:null,&quot;releaseNotesURI&quot;:null,&quot;softDisabled&quot;:false,&quot;foreignInstall&quot;:false,&quot;hasBinaryComponents&quot;:false,&quot;strictCompatibility&quot;:true,&quot;locales&quot;:[],&quot;targetApplications&quot;:[{&quot;id&quot;:&quot;{ec8030f7-c20a-464f-9b0e-13a3a9e97384}&quot;,&quot;minVersion&quot;:&quot;50.0.1&quot;,&quot;maxVersion&quot;:&quot;50.0.1&quot;}],&quot;targetPlatforms&quot;:[],&quot;seen&quot;:true}
1524811686375	addons.xpi	DEBUG	getModTime: Recursive scan of {972ce4c6-7e08-4474-a285-3208198ce6fd}
1524811686378	DeferredSave.extensions.json	DEBUG	Save changes
1524811686379	addons.xpi	DEBUG	Updating database with changes to installed add-ons
1524811686379	addons.xpi-utils	DEBUG	Updating add-on states
1524811686381	addons.xpi-utils	DEBUG	Writing add-ons list
1524811686388	addons.xpi	DEBUG	Registering manifest for C:\Program Files\Mozilla Firefox\browser\features\aushelper@mozilla.org.xpi
1524811686390	addons.xpi	DEBUG	Calling bootstrap method startup on aushelper@mozilla.org version 1.0
1524811686393	addons.xpi	DEBUG	Registering manifest for C:\Program Files\Mozilla Firefox\browser\features\e10srollout@mozilla.org.xpi
1524811686395	addons.xpi	DEBUG	Calling bootstrap method startup on e10srollout@mozilla.org version 1.5
1524811686396	addons.xpi	DEBUG	Registering manifest for C:\Program Files\Mozilla Firefox\browser\features\firefox@getpocket.com.xpi
1524811686399	addons.xpi	DEBUG	Calling bootstrap method startup on firefox@getpocket.com version 1.0.5
1524811686402	addons.xpi	DEBUG	Registering manifest for C:\Program Files\Mozilla Firefox\browser\features\webcompat@mozilla.org.xpi
1524811686403	addons.xpi	DEBUG	Calling bootstrap method startup on webcompat@mozilla.org version 1.0
1524811686409	addons.manager	DEBUG	Registering shutdown blocker for XPIProvider
1524811686413	addons.manager	DEBUG	Provider finished startup: XPIProvider
1524811686415	addons.manager	DEBUG	Starting provider: LightweightThemeManager
1524811686416	addons.manager	DEBUG	Registering shutdown blocker for LightweightThemeManager
1524811686417	addons.manager	DEBUG	Provider finished startup: LightweightThemeManager
1524811686419	addons.manager	DEBUG	Starting provider: GMPProvider
1524811686444	addons.manager	DEBUG	Registering shutdown blocker for GMPProvider
1524811686445	addons.manager	DEBUG	Provider finished startup: GMPProvider
1524811686446	addons.manager	DEBUG	Starting provider: PluginProvider
1524811686450	addons.manager	DEBUG	Registering shutdown blocker for PluginProvider
1524811686451	addons.manager	DEBUG	Provider finished startup: PluginProvider
1524811686453	addons.manager	DEBUG	Completed startup sequence
[GFX1]: Potential driver version mismatch ignored due to missing DLLs 0.0.0.0 and 0.0.0.0
1524811688369	addons.manager	DEBUG	Starting provider: &lt;unnamed-provider&gt;
1524811688369	addons.manager	DEBUG	Registering shutdown blocker for &lt;unnamed-provider&gt;
1524811688371	addons.manager	DEBUG	Provider finished startup: &lt;unnamed-provider&gt;
1524811689233	DeferredSave.extensions.json	DEBUG	Write succeeded
1524811689234	addons.xpi-utils	DEBUG	XPI Database saved, setting schema version preference to 17
1524811689235	DeferredSave.extensions.json	DEBUG	Starting timer
1524811689265	DeferredSave.extensions.json	DEBUG	Starting write
1524811689312	addons.repository	DEBUG	No addons.json found.
1524811689313	DeferredSave.addons.json	DEBUG	Save changes
1524811689322	DeferredSave.addons.json	DEBUG	Starting timer
1524811689437	addons.manager	DEBUG	Starting provider: PreviousExperimentProvider
1524811689437	addons.manager	DEBUG	Registering shutdown blocker for PreviousExperimentProvider
1524811689439	addons.manager	DEBUG	Provider finished startup: PreviousExperimentProvider
1524811689455	DeferredSave.addons.json	DEBUG	Starting write
1524811689485	DeferredSave.extensions.json	DEBUG	Write succeeded
1524811689903	DeferredSave.addons.json	DEBUG	Write succeeded
Crash Annotation GraphicsCriticalError: |[C0][GFX1]: Potential driver version mismatch ignored due to missing DLLs 0.0.0.0 and 0.0.0.0 (t=24.1812) [GFX1]: Potential driver version mismatch ignored due to missing DLLs 0.0.0.0 and 0.0.0.0

	at org.openqa.selenium.firefox.internal.NewProfileExtensionConnection.start(NewProfileExtensionConnection.java:112)
	... 33 more
</div></td></tr></table><p class="totop"><a href="#summary">back to summary</a></p>
</body>
</html>
