<?xml version="1.0" encoding="UTF-8"?>
<!-- Generated by org.testng.reporters.JUnitReportReporter -->
<testsuite skipped="0" hostname="USER-PC" name="TestNG11.Priority_In_TestNG" tests="4" failures="0" timestamp="25 Apr 2018 09:44:37 GMT" time="56.763" errors="4">
  <testcase name="openBrowser" time="56.680" classname="TestNG11.Priority_In_TestNG">
    <error type="org.openqa.selenium.WebDriverException" message="Failed to connect to binary FirefoxBinary(C:\Program Files\Mozilla Firefox\firefox.exe) on port 7055; process output follows: 
dUpdates&quot;:1,&quot;skinnable&quot;:true,&quot;size&quot;:21152,&quot;sourceURI&quot;:null,&quot;releaseNotesURI&quot;:null,&quot;softDisabled&quot;:false,&quot;foreignInstall&quot;:false,&quot;hasBinaryComponents&quot;:false,&quot;strictCompatibility&quot;:true,&quot;locales&quot;:[],&quot;targetApplications&quot;:[{&quot;id&quot;:&quot;{ec8030f7-c20a-464f-9b0e-13a3a9e97384}&quot;,&quot;minVersion&quot;:&quot;50.0.1&quot;,&quot;maxVersion&quot;:&quot;50.0.1&quot;}],&quot;targetPlatforms&quot;:[],&quot;seen&quot;:true}
1524649435018	addons.xpi	DEBUG	getModTime: Recursive scan of {972ce4c6-7e08-4474-a285-3208198ce6fd}
1524649435021	DeferredSave.extensions.json	DEBUG	Save changes
1524649435021	addons.xpi	DEBUG	Updating database with changes to installed add-ons
1524649435021	addons.xpi-utils	DEBUG	Updating add-on states
1524649435024	addons.xpi-utils	DEBUG	Writing add-ons list
1524649435031	addons.xpi	DEBUG	Registering manifest for C:\Program Files\Mozilla Firefox\browser\features\aushelper@mozilla.org.xpi
1524649435033	addons.xpi	DEBUG	Calling bootstrap method startup on aushelper@mozilla.org version 1.0
1524649435036	addons.xpi	DEBUG	Registering manifest for C:\Program Files\Mozilla Firefox\browser\features\e10srollout@mozilla.org.xpi
1524649435038	addons.xpi	DEBUG	Calling bootstrap method startup on e10srollout@mozilla.org version 1.5
1524649435039	addons.xpi	DEBUG	Registering manifest for C:\Program Files\Mozilla Firefox\browser\features\firefox@getpocket.com.xpi
1524649435042	addons.xpi	DEBUG	Calling bootstrap method startup on firefox@getpocket.com version 1.0.5
1524649435045	addons.xpi	DEBUG	Registering manifest for C:\Program Files\Mozilla Firefox\browser\features\webcompat@mozilla.org.xpi
1524649435046	addons.xpi	DEBUG	Calling bootstrap method startup on webcompat@mozilla.org version 1.0
1524649435053	addons.manager	DEBUG	Registering shutdown blocker for XPIProvider
1524649435056	addons.manager	DEBUG	Provider finished startup: XPIProvider
1524649435058	addons.manager	DEBUG	Starting provider: LightweightThemeManager
1524649435059	addons.manager	DEBUG	Registering shutdown blocker for LightweightThemeManager
1524649435061	addons.manager	DEBUG	Provider finished startup: LightweightThemeManager
1524649435063	addons.manager	DEBUG	Starting provider: GMPProvider
1524649435097	addons.manager	DEBUG	Registering shutdown blocker for GMPProvider
1524649435098	addons.manager	DEBUG	Provider finished startup: GMPProvider
1524649435098	addons.manager	DEBUG	Starting provider: PluginProvider
1524649435103	addons.manager	DEBUG	Registering shutdown blocker for PluginProvider
1524649435105	addons.manager	DEBUG	Provider finished startup: PluginProvider
1524649435107	addons.manager	DEBUG	Completed startup sequence
[GFX1]: Potential driver version mismatch ignored due to missing DLLs 0.0.0.0 and 0.0.0.0
1524649438251	addons.manager	DEBUG	Starting provider: &lt;unnamed-provider&gt;
1524649438267	addons.manager	DEBUG	Registering shutdown blocker for &lt;unnamed-provider&gt;
1524649438270	addons.manager	DEBUG	Provider finished startup: &lt;unnamed-provider&gt;
1524649440375	DeferredSave.extensions.json	DEBUG	Write succeeded
1524649440375	addons.xpi-utils	DEBUG	XPI Database saved, setting schema version preference to 17
1524649440376	DeferredSave.extensions.json	DEBUG	Starting timer
1524649440420	DeferredSave.extensions.json	DEBUG	Starting write
1524649440468	addons.repository	DEBUG	No addons.json found.
1524649440470	DeferredSave.addons.json	DEBUG	Save changes
1524649440496	DeferredSave.addons.json	DEBUG	Starting timer
1524649440955	addons.manager	DEBUG	Starting provider: PreviousExperimentProvider
1524649440956	addons.manager	DEBUG	Registering shutdown blocker for PreviousExperimentProvider
1524649440956	addons.manager	DEBUG	Provider finished startup: PreviousExperimentProvider
1524649440973	DeferredSave.addons.json	DEBUG	Starting write
1524649441052	DeferredSave.extensions.json	DEBUG	Write succeeded
1524649441716	DeferredSave.addons.json	DEBUG	Write succeeded
Crash Annotation GraphicsCriticalError: |[C0][GFX1]: Potential driver version mismatch ignored due to missing DLLs 0.0.0.0 and 0.0.0.0 (t=29.3359) [GFX1]: Potential driver version mismatch ignored due to missing DLLs 0.0.0.0 and 0.0.0.0

Build info: version: &#039;2.53.0&#039;, revision: &#039;35ae25b&#039;, time: &#039;2016-03-15 17:00:58&#039;
System info: host: &#039;USER-PC&#039;, ip: &#039;192.168.1.2&#039;, os.name: &#039;Windows 7&#039;, os.arch: &#039;x86&#039;, os.version: &#039;6.1&#039;, java.version: &#039;1.8.0_121&#039;
Driver info: driver.version: FirefoxDriver">
      <![CDATA[org.openqa.selenium.WebDriverException: Failed to connect to binary FirefoxBinary(C:\Program Files\Mozilla Firefox\firefox.exe) on port 7055; process output follows: 
dUpdates":1,"skinnable":true,"size":21152,"sourceURI":null,"releaseNotesURI":null,"softDisabled":false,"foreignInstall":false,"hasBinaryComponents":false,"strictCompatibility":true,"locales":[],"targetApplications":[{"id":"{ec8030f7-c20a-464f-9b0e-13a3a9e97384}","minVersion":"50.0.1","maxVersion":"50.0.1"}],"targetPlatforms":[],"seen":true}
1524649435018addons.xpiDEBUGgetModTime: Recursive scan of {972ce4c6-7e08-4474-a285-3208198ce6fd}
1524649435021DeferredSave.extensions.jsonDEBUGSave changes
1524649435021addons.xpiDEBUGUpdating database with changes to installed add-ons
1524649435021addons.xpi-utilsDEBUGUpdating add-on states
1524649435024addons.xpi-utilsDEBUGWriting add-ons list
1524649435031addons.xpiDEBUGRegistering manifest for C:\Program Files\Mozilla Firefox\browser\features\aushelper@mozilla.org.xpi
1524649435033addons.xpiDEBUGCalling bootstrap method startup on aushelper@mozilla.org version 1.0
1524649435036addons.xpiDEBUGRegistering manifest for C:\Program Files\Mozilla Firefox\browser\features\e10srollout@mozilla.org.xpi
1524649435038addons.xpiDEBUGCalling bootstrap method startup on e10srollout@mozilla.org version 1.5
1524649435039addons.xpiDEBUGRegistering manifest for C:\Program Files\Mozilla Firefox\browser\features\firefox@getpocket.com.xpi
1524649435042addons.xpiDEBUGCalling bootstrap method startup on firefox@getpocket.com version 1.0.5
1524649435045addons.xpiDEBUGRegistering manifest for C:\Program Files\Mozilla Firefox\browser\features\webcompat@mozilla.org.xpi
1524649435046addons.xpiDEBUGCalling bootstrap method startup on webcompat@mozilla.org version 1.0
1524649435053addons.managerDEBUGRegistering shutdown blocker for XPIProvider
1524649435056addons.managerDEBUGProvider finished startup: XPIProvider
1524649435058addons.managerDEBUGStarting provider: LightweightThemeManager
1524649435059addons.managerDEBUGRegistering shutdown blocker for LightweightThemeManager
1524649435061addons.managerDEBUGProvider finished startup: LightweightThemeManager
1524649435063addons.managerDEBUGStarting provider: GMPProvider
1524649435097addons.managerDEBUGRegistering shutdown blocker for GMPProvider
1524649435098addons.managerDEBUGProvider finished startup: GMPProvider
1524649435098addons.managerDEBUGStarting provider: PluginProvider
1524649435103addons.managerDEBUGRegistering shutdown blocker for PluginProvider
1524649435105addons.managerDEBUGProvider finished startup: PluginProvider
1524649435107addons.managerDEBUGCompleted startup sequence
[GFX1]: Potential driver version mismatch ignored due to missing DLLs 0.0.0.0 and 0.0.0.0
1524649438251addons.managerDEBUGStarting provider: <unnamed-provider>
1524649438267addons.managerDEBUGRegistering shutdown blocker for <unnamed-provider>
1524649438270addons.managerDEBUGProvider finished startup: <unnamed-provider>
1524649440375DeferredSave.extensions.jsonDEBUGWrite succeeded
1524649440375addons.xpi-utilsDEBUGXPI Database saved, setting schema version preference to 17
1524649440376DeferredSave.extensions.jsonDEBUGStarting timer
1524649440420DeferredSave.extensions.jsonDEBUGStarting write
1524649440468addons.repositoryDEBUGNo addons.json found.
1524649440470DeferredSave.addons.jsonDEBUGSave changes
1524649440496DeferredSave.addons.jsonDEBUGStarting timer
1524649440955addons.managerDEBUGStarting provider: PreviousExperimentProvider
1524649440956addons.managerDEBUGRegistering shutdown blocker for PreviousExperimentProvider
1524649440956addons.managerDEBUGProvider finished startup: PreviousExperimentProvider
1524649440973DeferredSave.addons.jsonDEBUGStarting write
1524649441052DeferredSave.extensions.jsonDEBUGWrite succeeded
1524649441716DeferredSave.addons.jsonDEBUGWrite succeeded
Crash Annotation GraphicsCriticalError: |[C0][GFX1]: Potential driver version mismatch ignored due to missing DLLs 0.0.0.0 and 0.0.0.0 (t=29.3359) [GFX1]: Potential driver version mismatch ignored due to missing DLLs 0.0.0.0 and 0.0.0.0

Build info: version: '2.53.0', revision: '35ae25b', time: '2016-03-15 17:00:58'
System info: host: 'USER-PC', ip: '192.168.1.2', os.name: 'Windows 7', os.arch: 'x86', os.version: '6.1', java.version: '1.8.0_121'
Driver info: driver.version: FirefoxDriver
at org.openqa.selenium.firefox.internal.NewProfileExtensionConnection.start(NewProfileExtensionConnection.java:124)
at org.openqa.selenium.firefox.FirefoxDriver.startClient(FirefoxDriver.java:271)
at org.openqa.selenium.remote.RemoteWebDriver.<init>(RemoteWebDriver.java:119)
at org.openqa.selenium.firefox.FirefoxDriver.<init>(FirefoxDriver.java:218)
at org.openqa.selenium.firefox.FirefoxDriver.<init>(FirefoxDriver.java:211)
at org.openqa.selenium.firefox.FirefoxDriver.<init>(FirefoxDriver.java:207)
at org.openqa.selenium.firefox.FirefoxDriver.<init>(FirefoxDriver.java:120)
at TestNG11.Priority_In_TestNG.openBrowser(Priority_In_TestNG.java:15)
at sun.reflect.NativeMethodAccessorImpl.invoke0(Native Method)
at sun.reflect.NativeMethodAccessorImpl.invoke(NativeMethodAccessorImpl.java:62)
at sun.reflect.DelegatingMethodAccessorImpl.invoke(DelegatingMethodAccessorImpl.java:43)
at java.lang.reflect.Method.invoke(Method.java:498)
at org.testng.internal.MethodInvocationHelper.invokeMethod(MethodInvocationHelper.java:124)
at org.testng.internal.Invoker.invokeMethod(Invoker.java:580)
at org.testng.internal.Invoker.invokeTestMethod(Invoker.java:716)
at org.testng.internal.Invoker.invokeTestMethods(Invoker.java:988)
at org.testng.internal.TestMethodWorker.invokeTestMethods(TestMethodWorker.java:125)
at org.testng.internal.TestMethodWorker.run(TestMethodWorker.java:109)
at org.testng.TestRunner.privateRun(TestRunner.java:648)
at org.testng.TestRunner.run(TestRunner.java:505)
at org.testng.SuiteRunner.runTest(SuiteRunner.java:455)
at org.testng.SuiteRunner.runSequentially(SuiteRunner.java:450)
at org.testng.SuiteRunner.privateRun(SuiteRunner.java:415)
at org.testng.SuiteRunner.run(SuiteRunner.java:364)
at org.testng.SuiteRunnerWorker.runSuite(SuiteRunnerWorker.java:52)
at org.testng.SuiteRunnerWorker.run(SuiteRunnerWorker.java:84)
at org.testng.TestNG.runSuitesSequentially(TestNG.java:1208)
at org.testng.TestNG.runSuitesLocally(TestNG.java:1137)
at org.testng.TestNG.runSuites(TestNG.java:1049)
at org.testng.TestNG.run(TestNG.java:1017)
at org.testng.remote.AbstractRemoteTestNG.run(AbstractRemoteTestNG.java:114)
at org.testng.remote.RemoteTestNG.initAndRun(RemoteTestNG.java:251)
at org.testng.remote.RemoteTestNG.main(RemoteTestNG.java:77)
Caused by: org.openqa.selenium.firefox.NotConnectedException: Unable to connect to host 127.0.0.1 on port 7055 after 45000 ms. Firefox console output:
dUpdates":1,"skinnable":true,"size":21152,"sourceURI":null,"releaseNotesURI":null,"softDisabled":false,"foreignInstall":false,"hasBinaryComponents":false,"strictCompatibility":true,"locales":[],"targetApplications":[{"id":"{ec8030f7-c20a-464f-9b0e-13a3a9e97384}","minVersion":"50.0.1","maxVersion":"50.0.1"}],"targetPlatforms":[],"seen":true}
1524649435018addons.xpiDEBUGgetModTime: Recursive scan of {972ce4c6-7e08-4474-a285-3208198ce6fd}
1524649435021DeferredSave.extensions.jsonDEBUGSave changes
1524649435021addons.xpiDEBUGUpdating database with changes to installed add-ons
1524649435021addons.xpi-utilsDEBUGUpdating add-on states
1524649435024addons.xpi-utilsDEBUGWriting add-ons list
1524649435031addons.xpiDEBUGRegistering manifest for C:\Program Files\Mozilla Firefox\browser\features\aushelper@mozilla.org.xpi
1524649435033addons.xpiDEBUGCalling bootstrap method startup on aushelper@mozilla.org version 1.0
1524649435036addons.xpiDEBUGRegistering manifest for C:\Program Files\Mozilla Firefox\browser\features\e10srollout@mozilla.org.xpi
1524649435038addons.xpiDEBUGCalling bootstrap method startup on e10srollout@mozilla.org version 1.5
1524649435039addons.xpiDEBUGRegistering manifest for C:\Program Files\Mozilla Firefox\browser\features\firefox@getpocket.com.xpi
1524649435042addons.xpiDEBUGCalling bootstrap method startup on firefox@getpocket.com version 1.0.5
1524649435045addons.xpiDEBUGRegistering manifest for C:\Program Files\Mozilla Firefox\browser\features\webcompat@mozilla.org.xpi
1524649435046addons.xpiDEBUGCalling bootstrap method startup on webcompat@mozilla.org version 1.0
1524649435053addons.managerDEBUGRegistering shutdown blocker for XPIProvider
1524649435056addons.managerDEBUGProvider finished startup: XPIProvider
1524649435058addons.managerDEBUGStarting provider: LightweightThemeManager
1524649435059addons.managerDEBUGRegistering shutdown blocker for LightweightThemeManager
1524649435061addons.managerDEBUGProvider finished startup: LightweightThemeManager
1524649435063addons.managerDEBUGStarting provider: GMPProvider
1524649435097addons.managerDEBUGRegistering shutdown blocker for GMPProvider
1524649435098addons.managerDEBUGProvider finished startup: GMPProvider
1524649435098addons.managerDEBUGStarting provider: PluginProvider
1524649435103addons.managerDEBUGRegistering shutdown blocker for PluginProvider
1524649435105addons.managerDEBUGProvider finished startup: PluginProvider
1524649435107addons.managerDEBUGCompleted startup sequence
[GFX1]: Potential driver version mismatch ignored due to missing DLLs 0.0.0.0 and 0.0.0.0
1524649438251addons.managerDEBUGStarting provider: <unnamed-provider>
1524649438267addons.managerDEBUGRegistering shutdown blocker for <unnamed-provider>
1524649438270addons.managerDEBUGProvider finished startup: <unnamed-provider>
1524649440375DeferredSave.extensions.jsonDEBUGWrite succeeded
1524649440375addons.xpi-utilsDEBUGXPI Database saved, setting schema version preference to 17
1524649440376DeferredSave.extensions.jsonDEBUGStarting timer
1524649440420DeferredSave.extensions.jsonDEBUGStarting write
1524649440468addons.repositoryDEBUGNo addons.json found.
1524649440470DeferredSave.addons.jsonDEBUGSave changes
1524649440496DeferredSave.addons.jsonDEBUGStarting timer
1524649440955addons.managerDEBUGStarting provider: PreviousExperimentProvider
1524649440956addons.managerDEBUGRegistering shutdown blocker for PreviousExperimentProvider
1524649440956addons.managerDEBUGProvider finished startup: PreviousExperimentProvider
1524649440973DeferredSave.addons.jsonDEBUGStarting write
1524649441052DeferredSave.extensions.jsonDEBUGWrite succeeded
1524649441716DeferredSave.addons.jsonDEBUGWrite succeeded
Crash Annotation GraphicsCriticalError: |[C0][GFX1]: Potential driver version mismatch ignored due to missing DLLs 0.0.0.0 and 0.0.0.0 (t=29.3359) [GFX1]: Potential driver version mismatch ignored due to missing DLLs 0.0.0.0 and 0.0.0.0

at org.openqa.selenium.firefox.internal.NewProfileExtensionConnection.start(NewProfileExtensionConnection.java:112)
... 32 more
]]>
    </error>
  </testcase> <!-- openBrowser -->
  <testcase name="launchGoogle" time="0.005" classname="TestNG11.Priority_In_TestNG">
    <error type="java.lang.NullPointerException">
      <![CDATA[java.lang.NullPointerException
at TestNG11.Priority_In_TestNG.launchGoogle(Priority_In_TestNG.java:21)
at sun.reflect.NativeMethodAccessorImpl.invoke0(Native Method)
at sun.reflect.NativeMethodAccessorImpl.invoke(NativeMethodAccessorImpl.java:62)
at sun.reflect.DelegatingMethodAccessorImpl.invoke(DelegatingMethodAccessorImpl.java:43)
at java.lang.reflect.Method.invoke(Method.java:498)
at org.testng.internal.MethodInvocationHelper.invokeMethod(MethodInvocationHelper.java:124)
at org.testng.internal.Invoker.invokeMethod(Invoker.java:580)
at org.testng.internal.Invoker.invokeTestMethod(Invoker.java:716)
at org.testng.internal.Invoker.invokeTestMethods(Invoker.java:988)
at org.testng.internal.TestMethodWorker.invokeTestMethods(TestMethodWorker.java:125)
at org.testng.internal.TestMethodWorker.run(TestMethodWorker.java:109)
at org.testng.TestRunner.privateRun(TestRunner.java:648)
at org.testng.TestRunner.run(TestRunner.java:505)
at org.testng.SuiteRunner.runTest(SuiteRunner.java:455)
at org.testng.SuiteRunner.runSequentially(SuiteRunner.java:450)
at org.testng.SuiteRunner.privateRun(SuiteRunner.java:415)
at org.testng.SuiteRunner.run(SuiteRunner.java:364)
at org.testng.SuiteRunnerWorker.runSuite(SuiteRunnerWorker.java:52)
at org.testng.SuiteRunnerWorker.run(SuiteRunnerWorker.java:84)
at org.testng.TestNG.runSuitesSequentially(TestNG.java:1208)
at org.testng.TestNG.runSuitesLocally(TestNG.java:1137)
at org.testng.TestNG.runSuites(TestNG.java:1049)
at org.testng.TestNG.run(TestNG.java:1017)
at org.testng.remote.AbstractRemoteTestNG.run(AbstractRemoteTestNG.java:114)
at org.testng.remote.RemoteTestNG.initAndRun(RemoteTestNG.java:251)
at org.testng.remote.RemoteTestNG.main(RemoteTestNG.java:77)
]]>
    </error>
  </testcase> <!-- launchGoogle -->
  <testcase name="peformSeachAndClick1stLink" time="0.071" classname="TestNG11.Priority_In_TestNG">
    <error type="java.lang.NullPointerException">
      <![CDATA[java.lang.NullPointerException
at TestNG11.Priority_In_TestNG.peformSeachAndClick1stLink(Priority_In_TestNG.java:27)
at sun.reflect.NativeMethodAccessorImpl.invoke0(Native Method)
at sun.reflect.NativeMethodAccessorImpl.invoke(NativeMethodAccessorImpl.java:62)
at sun.reflect.DelegatingMethodAccessorImpl.invoke(DelegatingMethodAccessorImpl.java:43)
at java.lang.reflect.Method.invoke(Method.java:498)
at org.testng.internal.MethodInvocationHelper.invokeMethod(MethodInvocationHelper.java:124)
at org.testng.internal.Invoker.invokeMethod(Invoker.java:580)
at org.testng.internal.Invoker.invokeTestMethod(Invoker.java:716)
at org.testng.internal.Invoker.invokeTestMethods(Invoker.java:988)
at org.testng.internal.TestMethodWorker.invokeTestMethods(TestMethodWorker.java:125)
at org.testng.internal.TestMethodWorker.run(TestMethodWorker.java:109)
at org.testng.TestRunner.privateRun(TestRunner.java:648)
at org.testng.TestRunner.run(TestRunner.java:505)
at org.testng.SuiteRunner.runTest(SuiteRunner.java:455)
at org.testng.SuiteRunner.runSequentially(SuiteRunner.java:450)
at org.testng.SuiteRunner.privateRun(SuiteRunner.java:415)
at org.testng.SuiteRunner.run(SuiteRunner.java:364)
at org.testng.SuiteRunnerWorker.runSuite(SuiteRunnerWorker.java:52)
at org.testng.SuiteRunnerWorker.run(SuiteRunnerWorker.java:84)
at org.testng.TestNG.runSuitesSequentially(TestNG.java:1208)
at org.testng.TestNG.runSuitesLocally(TestNG.java:1137)
at org.testng.TestNG.runSuites(TestNG.java:1049)
at org.testng.TestNG.run(TestNG.java:1017)
at org.testng.remote.AbstractRemoteTestNG.run(AbstractRemoteTestNG.java:114)
at org.testng.remote.RemoteTestNG.initAndRun(RemoteTestNG.java:251)
at org.testng.remote.RemoteTestNG.main(RemoteTestNG.java:77)
]]>
    </error>
  </testcase> <!-- peformSeachAndClick1stLink -->
  <testcase name="FaceBookPageTitleVerification" time="0.007" classname="TestNG11.Priority_In_TestNG">
    <error type="java.lang.NullPointerException">
      <![CDATA[java.lang.NullPointerException
at TestNG11.Priority_In_TestNG.FaceBookPageTitleVerification(Priority_In_TestNG.java:33)
at sun.reflect.NativeMethodAccessorImpl.invoke0(Native Method)
at sun.reflect.NativeMethodAccessorImpl.invoke(NativeMethodAccessorImpl.java:62)
at sun.reflect.DelegatingMethodAccessorImpl.invoke(DelegatingMethodAccessorImpl.java:43)
at java.lang.reflect.Method.invoke(Method.java:498)
at org.testng.internal.MethodInvocationHelper.invokeMethod(MethodInvocationHelper.java:124)
at org.testng.internal.Invoker.invokeMethod(Invoker.java:580)
at org.testng.internal.Invoker.invokeTestMethod(Invoker.java:716)
at org.testng.internal.Invoker.invokeTestMethods(Invoker.java:988)
at org.testng.internal.TestMethodWorker.invokeTestMethods(TestMethodWorker.java:125)
at org.testng.internal.TestMethodWorker.run(TestMethodWorker.java:109)
at org.testng.TestRunner.privateRun(TestRunner.java:648)
at org.testng.TestRunner.run(TestRunner.java:505)
at org.testng.SuiteRunner.runTest(SuiteRunner.java:455)
at org.testng.SuiteRunner.runSequentially(SuiteRunner.java:450)
at org.testng.SuiteRunner.privateRun(SuiteRunner.java:415)
at org.testng.SuiteRunner.run(SuiteRunner.java:364)
at org.testng.SuiteRunnerWorker.runSuite(SuiteRunnerWorker.java:52)
at org.testng.SuiteRunnerWorker.run(SuiteRunnerWorker.java:84)
at org.testng.TestNG.runSuitesSequentially(TestNG.java:1208)
at org.testng.TestNG.runSuitesLocally(TestNG.java:1137)
at org.testng.TestNG.runSuites(TestNG.java:1049)
at org.testng.TestNG.run(TestNG.java:1017)
at org.testng.remote.AbstractRemoteTestNG.run(AbstractRemoteTestNG.java:114)
at org.testng.remote.RemoteTestNG.initAndRun(RemoteTestNG.java:251)
at org.testng.remote.RemoteTestNG.main(RemoteTestNG.java:77)
]]>
    </error>
  </testcase> <!-- FaceBookPageTitleVerification -->
</testsuite> <!-- TestNG11.Priority_In_TestNG -->
